<?xml version="1.0" encoding="UTF-8" ?>
<testsuite tests="5" failures="0" name="com.fenghen.test.DBUtilsTest" time="1.319" errors="0" skipped="0">
  <properties>
[...]
</properties>
  <testcase classname="com.fenghen.test.DBUtilsTest" name="test1" time="1.241"/>
  <testcase classname="com.fenghen.test.DBUtilsTest" name="test2" time="0.059"/>
  <testcase classname="com.fenghen.test.DBUtilsTest" name="test3" time="0.002"/>
  <testcase classname="com.fenghen.test.DBUtilsTest" name="test4" time="0.015"/>
  <testcase classname="com.fenghen.test.DBUtilsTest" name="test5" time="0.002"/>
</testsuite>